16:25:59.738 [main] INFO  io.javalin.Javalin - 
           __                      __ _
          / /____ _ _   __ ____ _ / /(_)____
     __  / // __ `/| | / // __ `// // // __ \
    / /_/ // /_/ / | |/ // /_/ // // // / / /
    \____/ \__,_/  |___/ \__,_//_//_//_/ /_/

        https://javalin.io/documentation

16:25:59.797 [main] INFO  org.eclipse.jetty.util.log - Logging initialized @1829ms to org.eclipse.jetty.util.log.Slf4jLog
16:25:59.803 [main] INFO  io.javalin.Javalin - Starting Javalin ...
16:26:01.698 [main] INFO  io.javalin.Javalin - Listening on http://localhost:7009/
16:26:01.699 [main] INFO  io.javalin.Javalin - Javalin started in 1900ms \o/
21:56:14.687 [main] INFO  io.javalin.Javalin - 
           __                      __ _
          / /____ _ _   __ ____ _ / /(_)____
     __  / // __ `/| | / // __ `// // // __ \
    / /_/ // /_/ / | |/ // /_/ // // // / / /
    \____/ \__,_/  |___/ \__,_//_//_//_/ /_/

        https://javalin.io/documentation

21:56:14.731 [main] INFO  org.eclipse.jetty.util.log - Logging initialized @1230ms to org.eclipse.jetty.util.log.Slf4jLog
21:56:14.732 [main] INFO  io.javalin.Javalin - Starting Javalin ...
21:56:15.120 [main] INFO  io.javalin.Javalin - Listening on http://localhost:7009/
21:56:15.121 [main] INFO  io.javalin.Javalin - Javalin started in 390ms \o/
21:56:31.703 [qtp1947896119-14] INFO  com.revature.app.Application - POST request to endpoint /realtors received.
21:56:32.120 [qtp1947896119-14] ERROR c.r.controller.ExceptionController - Could not connect to database. Exception message is Something went wrong when trying to get a connection. Exception message: (conn=26) Table 'my_first_database.realtors' doesn't exist
22:04:11.795 [qtp1947896119-21] INFO  com.revature.app.Application - POST request to endpoint /realtors received.
22:04:34.134 [qtp1947896119-14] INFO  com.revature.app.Application - GET request to endpoint /realtors received.
22:04:44.959 [qtp1947896119-21] INFO  com.revature.app.Application - GET request to endpoint /realtors/11 received.
22:04:49.110 [qtp1947896119-14] INFO  com.revature.app.Application - PUT request to endpoint /realtors/11 received.
22:04:52.608 [qtp1947896119-21] INFO  com.revature.app.Application - DELETE request to endpoint /realtors/11 received.
22:05:10.622 [qtp1947896119-14] INFO  com.revature.app.Application - POST request to endpoint /realtors received.
22:05:14.579 [qtp1947896119-21] INFO  com.revature.app.Application - POST request to endpoint /realtors/11/accounts received.
22:05:14.607 [qtp1947896119-21] ERROR c.r.controller.ExceptionController - Could not connect to database. Exception message is Something went wrong with the database. Exception message: (conn=37) Cannot add or update a child row: a foreign key constraint fails (`my_first_database`.`accounts`, CONSTRAINT `fk_accounts_realtors` FOREIGN KEY (`realtor_id`) REFERENCES `realtors` (`id`) ON DELETE CASCADE)
22:05:54.452 [qtp1947896119-21] INFO  com.revature.app.Application - POST request to endpoint /realtors/11/accounts received.
22:05:54.474 [qtp1947896119-21] ERROR c.r.controller.ExceptionController - Could not connect to database. Exception message is Something went wrong with the database. Exception message: (conn=39) Cannot add or update a child row: a foreign key constraint fails (`my_first_database`.`accounts`, CONSTRAINT `fk_accounts_realtors` FOREIGN KEY (`realtor_id`) REFERENCES `realtors` (`id`) ON DELETE CASCADE)
22:06:00.055 [qtp1947896119-19] INFO  com.revature.app.Application - GET request to endpoint /realtors/3/accounts received.
22:12:57.009 [main] INFO  io.javalin.Javalin - 
           __                      __ _
          / /____ _ _   __ ____ _ / /(_)____
     __  / // __ `/| | / // __ `// // // __ \
    / /_/ // /_/ / | |/ // /_/ // // // / / /
    \____/ \__,_/  |___/ \__,_//_//_//_/ /_/

        https://javalin.io/documentation

22:12:57.051 [main] INFO  org.eclipse.jetty.util.log - Logging initialized @993ms to org.eclipse.jetty.util.log.Slf4jLog
22:12:57.052 [main] INFO  io.javalin.Javalin - Starting Javalin ...
22:12:57.413 [main] INFO  io.javalin.Javalin - Listening on http://localhost:7009/
22:12:57.413 [main] INFO  io.javalin.Javalin - Javalin started in 362ms \o/
22:13:07.602 [qtp1947896119-18] INFO  com.revature.app.Application - GET request to endpoint /realtors received.
22:13:20.425 [qtp1947896119-14] INFO  com.revature.app.Application - GET request to endpoint /realtors/11 received.
22:13:20.431 [qtp1947896119-14] WARN  c.r.controller.ExceptionController - A user tried to retrieve a realtor, but it was not found. Exception message is Realtor with id of 11 was not found.
22:13:24.187 [qtp1947896119-19] INFO  com.revature.app.Application - GET request to endpoint /realtors/10 received.
22:21:14.234 [main] INFO  io.javalin.Javalin - 
           __                      __ _
          / /____ _ _   __ ____ _ / /(_)____
     __  / // __ `/| | / // __ `// // // __ \
    / /_/ // /_/ / | |/ // /_/ // // // / / /
    \____/ \__,_/  |___/ \__,_//_//_//_/ /_/

        https://javalin.io/documentation

22:21:14.264 [main] INFO  org.eclipse.jetty.util.log - Logging initialized @817ms to org.eclipse.jetty.util.log.Slf4jLog
22:21:14.266 [main] INFO  io.javalin.Javalin - Starting Javalin ...
22:21:14.585 [main] INFO  io.javalin.Javalin - Listening on http://localhost:7009/
22:21:14.585 [main] INFO  io.javalin.Javalin - Javalin started in 320ms \o/
22:21:24.472 [qtp1947896119-17] INFO  com.revature.app.Application - POST request to endpoint /realtors received.
22:21:24.806 [qtp1947896119-17] WARN  c.r.controller.ExceptionController - Could not add realtor. Specifically, the user tried to add a realtor with a blank name.
22:24:10.644 [main] INFO  io.javalin.Javalin - 
           __                      __ _
          / /____ _ _   __ ____ _ / /(_)____
     __  / // __ `/| | / // __ `// // // __ \
    / /_/ // /_/ / | |/ // /_/ // // // / / /
    \____/ \__,_/  |___/ \__,_//_//_//_/ /_/

        https://javalin.io/documentation

22:24:10.674 [main] INFO  org.eclipse.jetty.util.log - Logging initialized @857ms to org.eclipse.jetty.util.log.Slf4jLog
22:24:10.675 [main] INFO  io.javalin.Javalin - Starting Javalin ...
22:24:10.983 [main] INFO  io.javalin.Javalin - Listening on http://localhost:7009/
22:24:10.983 [main] INFO  io.javalin.Javalin - Javalin started in 309ms \o/
22:24:15.849 [qtp1947896119-16] INFO  com.revature.app.Application - POST request to endpoint /realtors received.
22:24:16.187 [qtp1947896119-16] WARN  c.r.controller.ExceptionController - A realtor could not be added. Specifically, the user tried to add a realtor with a blank name.
22:24:25.804 [qtp1947896119-14] INFO  com.revature.app.Application - GET request to endpoint /realtors received.
22:24:41.842 [qtp1947896119-21] INFO  com.revature.app.Application - GET request to endpoint /realtors received.
22:24:41.847 [qtp1947896119-21] ERROR c.r.controller.ExceptionController - The system could not connect to database. Specifically, Something went wrong when trying to get a connection. Exception message: (conn=49) Table 'my_first_database.realtors' doesn't exist
22:25:00.435 [qtp1947896119-20] INFO  com.revature.app.Application - GET request to endpoint /realtors received.
22:26:22.125 [qtp1947896119-20] INFO  com.revature.app.Application - GET request to endpoint /realtors/3/accounts received.
22:26:26.655 [qtp1947896119-19] INFO  com.revature.app.Application - PUT request to endpoint /realtors/11 received.
22:26:26.661 [qtp1947896119-19] WARN  c.r.controller.ExceptionController - The user tried to retrieve a realtor, but they were not found. Specifically, Couldn't find that realtor in the database
22:28:46.711 [main] INFO  io.javalin.Javalin - 
           __                      __ _
          / /____ _ _   __ ____ _ / /(_)____
     __  / // __ `/| | / // __ `// // // __ \
    / /_/ // /_/ / | |/ // /_/ // // // / / /
    \____/ \__,_/  |___/ \__,_//_//_//_/ /_/

        https://javalin.io/documentation

22:28:46.748 [main] INFO  org.eclipse.jetty.util.log - Logging initialized @800ms to org.eclipse.jetty.util.log.Slf4jLog
22:28:46.750 [main] INFO  io.javalin.Javalin - Starting Javalin ...
22:28:47.068 [main] INFO  io.javalin.Javalin - Listening on http://localhost:7009/
22:28:47.068 [main] INFO  io.javalin.Javalin - Javalin started in 319ms \o/
22:28:52.470 [qtp1947896119-19] INFO  com.revature.app.Application - PUT request to endpoint /realtors/11 received.
22:28:52.832 [qtp1947896119-19] WARN  c.r.controller.ExceptionController - The user tried to retrieve a realtor, but they were not found. Specifically, Couldn't find that realtor in the database
